{"level":"error","message":"Could not get the genres. Could not get the genres.","stack":"Error: Could not get the genres.\n    at C:\\Users\\dzece\\OneDrive\\Magaby\\vidly_mg\\routes\\genres.js:10:11\n    at newFn (C:\\Users\\dzece\\OneDrive\\Magaby\\vidly_mg\\node_modules\\express-async-errors\\index.js:16:20)\n    at Layer.handle [as handle_request] (C:\\Users\\dzece\\OneDrive\\Magaby\\vidly_mg\\node_modules\\express\\lib\\router\\layer.js:95:5)\n    at next (C:\\Users\\dzece\\OneDrive\\Magaby\\vidly_mg\\node_modules\\express\\lib\\router\\route.js:149:13)\n    at Route.dispatch (C:\\Users\\dzece\\OneDrive\\Magaby\\vidly_mg\\node_modules\\express\\lib\\router\\route.js:119:3)\n    at newFn (C:\\Users\\dzece\\OneDrive\\Magaby\\vidly_mg\\node_modules\\express-async-errors\\index.js:16:20)\n    at Layer.handle [as handle_request] (C:\\Users\\dzece\\OneDrive\\Magaby\\vidly_mg\\node_modules\\express\\lib\\router\\layer.js:95:5)\n    at C:\\Users\\dzece\\OneDrive\\Magaby\\vidly_mg\\node_modules\\express\\lib\\router\\index.js:284:15\n    at Function.process_params (C:\\Users\\dzece\\OneDrive\\Magaby\\vidly_mg\\node_modules\\express\\lib\\router\\index.js:346:12)\n    at next (C:\\Users\\dzece\\OneDrive\\Magaby\\vidly_mg\\node_modules\\express\\lib\\router\\index.js:280:10)"}
{"level":"error","message":"Could not get the genres. Could not get the genres.","stack":"Error: Could not get the genres.\n    at C:\\Users\\dzece\\OneDrive\\Magaby\\vidly_mg\\routes\\genres.js:10:11\n    at newFn (C:\\Users\\dzece\\OneDrive\\Magaby\\vidly_mg\\node_modules\\express-async-errors\\index.js:16:20)\n    at Layer.handle [as handle_request] (C:\\Users\\dzece\\OneDrive\\Magaby\\vidly_mg\\node_modules\\express\\lib\\router\\layer.js:95:5)\n    at next (C:\\Users\\dzece\\OneDrive\\Magaby\\vidly_mg\\node_modules\\express\\lib\\router\\route.js:149:13)\n    at Route.dispatch (C:\\Users\\dzece\\OneDrive\\Magaby\\vidly_mg\\node_modules\\express\\lib\\router\\route.js:119:3)\n    at newFn (C:\\Users\\dzece\\OneDrive\\Magaby\\vidly_mg\\node_modules\\express-async-errors\\index.js:16:20)\n    at Layer.handle [as handle_request] (C:\\Users\\dzece\\OneDrive\\Magaby\\vidly_mg\\node_modules\\express\\lib\\router\\layer.js:95:5)\n    at C:\\Users\\dzece\\OneDrive\\Magaby\\vidly_mg\\node_modules\\express\\lib\\router\\index.js:284:15\n    at Function.process_params (C:\\Users\\dzece\\OneDrive\\Magaby\\vidly_mg\\node_modules\\express\\lib\\router\\index.js:346:12)\n    at next (C:\\Users\\dzece\\OneDrive\\Magaby\\vidly_mg\\node_modules\\express\\lib\\router\\index.js:280:10)"}
{"level":"info","message":"Connected to MongoDB..."}
{"level":"info","message":"Connected to MongoDB..."}
{"level":"info","message":"Connected to MongoDB..."}
{"level":"info","message":"Connected to mongodb://localhost/vidly..."}
{"level":"info","message":"Connected to mongodb://localhost/vidly..."}
{"level":"info","message":"Connected to mongodb://localhost/vidly..."}
{"level":"info","message":"Connected to mongodb://localhost/vidly..."}
{"level":"info","message":"Connected to mongodb://localhost/vidly..."}
{"level":"info","message":"Connected to mongodb://localhost/vidly_tests..."}
{"level":"info","message":"Listening on port 3000..."}
{"level":"info","message":"Listening on port 3000..."}
{"level":"info","message":"Listening on port 3000..."}
{"level":"info","message":"Listening on port 3000..."}
{"level":"info","message":"Listening on port 3000..."}
{"level":"info","message":"Listening on port 3000..."}
{"level":"info","message":"Listening on port 3000..."}
{"level":"info","message":"Listening on port 3000..."}
{"level":"info","message":"Listening on port 3000..."}
{"level":"info","message":"Listening on port 3000..."}
{"level":"info","message":"Listening on port 3000..."}
{"level":"info","message":"Listening on port 3000..."}
{"level":"info","message":"Listening on port 3000..."}
{"level":"info","message":"Listening on port 3000..."}
{"level":"info","message":"Listening on port 3000..."}
{"level":"info","message":"Listening on port 3000..."}
{"level":"info","message":"Listening on port 3000..."}
{"level":"info","message":"Listening on port 3000..."}
{"level":"info","message":"Listening on port 3000..."}
{"level":"info","message":"Listening on port 3000..."}
{"level":"info","message":"Listening on port 3000..."}
{"level":"info","message":"Listening on port 3000..."}
{"level":"info","message":"Listening on port 3000..."}
{"level":"info","message":"Listening on port 3000..."}
{"level":"info","message":"Listening on port 3000..."}
{"level":"info","message":"Listening on port 3000..."}
{"level":"info","message":"Listening on port 3000..."}
{"level":"info","message":"Listening on port 3000..."}
{"level":"info","message":"Listening on port 3000..."}
{"level":"info","message":"Listening on port 3000..."}
{"level":"info","message":"Listening on port 3000..."}
{"level":"info","message":"Listening on port 3000..."}
{"level":"info","message":"Listening on port 3000..."}
{"level":"info","message":"Listening on port 3000..."}
{"level":"info","message":"Listening on port 3000..."}
{"level":"info","message":"Listening on port 3000..."}
{"level":"info","message":"Listening on port 3000..."}
{"level":"info","message":"Listening on port 3000..."}
{"level":"info","message":"Listening on port 3000..."}
{"level":"info","message":"Listening on port 3000..."}
{"level":"info","message":"Listening on port 3000..."}
{"level":"info","message":"Listening on port 3000..."}
{"level":"info","message":"Listening on port 3000..."}
{"level":"info","message":"Listening on port 3000..."}
{"level":"info","message":"Listening on port 3000..."}
{"level":"info","message":"Connected to mongodb://localhost/vidly_tests..."}
{"level":"info","message":"Listening on port 3000..."}
{"level":"info","message":"Connected to mongodb://localhost/vidly_tests..."}
{"level":"info","message":"Listening on port 3000..."}
{"level":"info","message":"Connected to mongodb://localhost/vidly_tests..."}
{"level":"info","message":"Listening on port 3000..."}
{"level":"info","message":"Connected to mongodb://localhost/vidly_tests..."}
{"level":"info","message":"Listening on port 3000..."}
{"level":"info","message":"Connected to mongodb://localhost/vidly_tests..."}
{"level":"info","message":"Listening on port 3000..."}
{"level":"info","message":"Connected to mongodb://localhost/vidly_tests..."}
{"level":"info","message":"Listening on port 3000..."}
{"level":"info","message":"Connected to mongodb://localhost/vidly_tests..."}
{"level":"info","message":"Listening on port 3000..."}
{"level":"info","message":"Connected to mongodb://localhost/vidly_tests..."}
{"level":"info","message":"Listening on port 3000..."}
{"level":"info","message":"Connected to mongodb://localhost/vidly_tests..."}
{"level":"info","message":"Listening on port 3000..."}
{"level":"info","message":"Connected to mongodb://localhost/vidly_tests..."}
{"level":"info","message":"Listening on port 3000..."}
{"level":"info","message":"Connected to mongodb://localhost/vidly_tests..."}
{"level":"info","message":"Listening on port 3000..."}
{"level":"info","message":"Connected to mongodb://localhost/vidly_tests..."}
{"level":"info","message":"Listening on port 3000..."}
{"level":"info","message":"Connected to mongodb://localhost/vidly_tests..."}
{"level":"info","message":"Listening on port 3000..."}
{"level":"info","message":"Connected to mongodb://localhost/vidly_tests..."}
{"kind":"ObjectId","level":"error","message":"Cast to ObjectId failed for value \"1\" (type string) at path \"_id\" for model \"Genre\" Cast to ObjectId failed for value \"1\" (type string) at path \"_id\" for model \"Genre\"","path":"_id","reason":{},"stack":"CastError: Cast to ObjectId failed for value \"1\" (type string) at path \"_id\" for model \"Genre\"\n    at SchemaObjectId.Object.<anonymous>.SchemaObjectId.cast (C:\\Users\\dzece\\OneDrive\\Magaby\\vidly_mg\\node_modules\\mongoose\\lib\\schema\\objectId.js:251:11)\n    at SchemaObjectId.Object.<anonymous>.SchemaType.applySetters (C:\\Users\\dzece\\OneDrive\\Magaby\\vidly_mg\\node_modules\\mongoose\\lib\\schemaType.js:1255:12)\n    at SchemaObjectId.Object.<anonymous>.SchemaType.castForQuery (C:\\Users\\dzece\\OneDrive\\Magaby\\vidly_mg\\node_modules\\mongoose\\lib\\schemaType.js:1673:17)\n    at cast (C:\\Users\\dzece\\OneDrive\\Magaby\\vidly_mg\\node_modules\\mongoose\\lib\\cast.js:390:32)\n    at model.Query.Object.<anonymous>.Query.cast (C:\\Users\\dzece\\OneDrive\\Magaby\\vidly_mg\\node_modules\\mongoose\\lib\\query.js:4907:12)\n    at model.Query.Object.<anonymous>.Query._castConditions (C:\\Users\\dzece\\OneDrive\\Magaby\\vidly_mg\\node_modules\\mongoose\\lib\\query.js:2325:10)\n    at model.Query._findOne (C:\\Users\\dzece\\OneDrive\\Magaby\\vidly_mg\\node_modules\\mongoose\\lib\\query.js:2648:8)\n    at model.Query.exec (C:\\Users\\dzece\\OneDrive\\Magaby\\vidly_mg\\node_modules\\mongoose\\lib\\query.js:4456:80)\n    at processTicksAndRejections (node:internal/process/task_queues:105:5)\n    at C:\\Users\\dzece\\OneDrive\\Magaby\\vidly_mg\\routes\\genres.js:62:17","stringValue":"\"1\"","value":"1","valueType":"string"}
{"level":"info","message":"Listening on port 3000..."}
{"level":"info","message":"Connected to mongodb://localhost/vidly_tests..."}
{"kind":"ObjectId","level":"error","message":"Cast to ObjectId failed for value \"1\" (type string) at path \"_id\" for model \"Genre\" Cast to ObjectId failed for value \"1\" (type string) at path \"_id\" for model \"Genre\"","path":"_id","reason":{},"stack":"CastError: Cast to ObjectId failed for value \"1\" (type string) at path \"_id\" for model \"Genre\"\n    at SchemaObjectId.Object.<anonymous>.SchemaObjectId.cast (C:\\Users\\dzece\\OneDrive\\Magaby\\vidly_mg\\node_modules\\mongoose\\lib\\schema\\objectId.js:251:11)\n    at SchemaObjectId.Object.<anonymous>.SchemaType.applySetters (C:\\Users\\dzece\\OneDrive\\Magaby\\vidly_mg\\node_modules\\mongoose\\lib\\schemaType.js:1255:12)\n    at SchemaObjectId.Object.<anonymous>.SchemaType.castForQuery (C:\\Users\\dzece\\OneDrive\\Magaby\\vidly_mg\\node_modules\\mongoose\\lib\\schemaType.js:1673:17)\n    at cast (C:\\Users\\dzece\\OneDrive\\Magaby\\vidly_mg\\node_modules\\mongoose\\lib\\cast.js:390:32)\n    at model.Query.Object.<anonymous>.Query.cast (C:\\Users\\dzece\\OneDrive\\Magaby\\vidly_mg\\node_modules\\mongoose\\lib\\query.js:4907:12)\n    at model.Query.Object.<anonymous>.Query._castConditions (C:\\Users\\dzece\\OneDrive\\Magaby\\vidly_mg\\node_modules\\mongoose\\lib\\query.js:2325:10)\n    at model.Query._findOne (C:\\Users\\dzece\\OneDrive\\Magaby\\vidly_mg\\node_modules\\mongoose\\lib\\query.js:2648:8)\n    at model.Query.exec (C:\\Users\\dzece\\OneDrive\\Magaby\\vidly_mg\\node_modules\\mongoose\\lib\\query.js:4456:80)\n    at processTicksAndRejections (node:internal/process/task_queues:105:5)\n    at C:\\Users\\dzece\\OneDrive\\Magaby\\vidly_mg\\routes\\genres.js:62:17","stringValue":"\"1\"","value":"1","valueType":"string"}
{"level":"info","message":"Listening on port 3000..."}
{"level":"info","message":"Connected to mongodb://localhost/vidly_tests..."}
{"kind":"ObjectId","level":"error","message":"Cast to ObjectId failed for value \"1\" (type string) at path \"_id\" for model \"Genre\" Cast to ObjectId failed for value \"1\" (type string) at path \"_id\" for model \"Genre\"","path":"_id","reason":{},"stack":"CastError: Cast to ObjectId failed for value \"1\" (type string) at path \"_id\" for model \"Genre\"\n    at SchemaObjectId.Object.<anonymous>.SchemaObjectId.cast (C:\\Users\\dzece\\OneDrive\\Magaby\\vidly_mg\\node_modules\\mongoose\\lib\\schema\\objectId.js:251:11)\n    at SchemaObjectId.Object.<anonymous>.SchemaType.applySetters (C:\\Users\\dzece\\OneDrive\\Magaby\\vidly_mg\\node_modules\\mongoose\\lib\\schemaType.js:1255:12)\n    at SchemaObjectId.Object.<anonymous>.SchemaType.castForQuery (C:\\Users\\dzece\\OneDrive\\Magaby\\vidly_mg\\node_modules\\mongoose\\lib\\schemaType.js:1673:17)\n    at cast (C:\\Users\\dzece\\OneDrive\\Magaby\\vidly_mg\\node_modules\\mongoose\\lib\\cast.js:390:32)\n    at model.Query.Object.<anonymous>.Query.cast (C:\\Users\\dzece\\OneDrive\\Magaby\\vidly_mg\\node_modules\\mongoose\\lib\\query.js:4907:12)\n    at model.Query.Object.<anonymous>.Query._castConditions (C:\\Users\\dzece\\OneDrive\\Magaby\\vidly_mg\\node_modules\\mongoose\\lib\\query.js:2325:10)\n    at model.Query._findOne (C:\\Users\\dzece\\OneDrive\\Magaby\\vidly_mg\\node_modules\\mongoose\\lib\\query.js:2648:8)\n    at model.Query.exec (C:\\Users\\dzece\\OneDrive\\Magaby\\vidly_mg\\node_modules\\mongoose\\lib\\query.js:4456:80)\n    at processTicksAndRejections (node:internal/process/task_queues:105:5)\n    at C:\\Users\\dzece\\OneDrive\\Magaby\\vidly_mg\\routes\\genres.js:62:17","stringValue":"\"1\"","value":"1","valueType":"string"}
{"level":"info","message":"Listening on port 3000..."}
{"level":"info","message":"Connected to mongodb://localhost/vidly_tests..."}
{"level":"info","message":"Listening on port 3000..."}
{"level":"info","message":"Connected to mongodb://localhost/vidly_tests..."}
{"level":"info","message":"Listening on port 3000..."}
{"level":"info","message":"Connected to mongodb://localhost/vidly_tests..."}
{"level":"info","message":"Listening on port 3000..."}
{"level":"info","message":"Connected to mongodb://localhost/vidly_tests..."}
{"level":"info","message":"Listening on port 3000..."}
{"level":"info","message":"Connected to mongodb://localhost/vidly_tests..."}
{"level":"info","message":"Listening on port 3000..."}
{"level":"info","message":"Connected to mongodb://localhost/vidly_tests..."}
{"level":"info","message":"Listening on port 3000..."}
{"level":"info","message":"Connected to mongodb://localhost/vidly_tests..."}
{"level":"info","message":"Listening on port 3000..."}
{"level":"info","message":"Connected to mongodb://localhost/vidly_tests..."}
{"level":"info","message":"Listening on port 3000..."}
{"level":"info","message":"Connected to mongodb://localhost/vidly_tests..."}
{"level":"info","message":"Listening on port 3000..."}
{"level":"info","message":"Connected to mongodb://localhost/vidly_tests..."}
{"level":"info","message":"Listening on port 3000..."}
{"level":"info","message":"Connected to mongodb://localhost/vidly_tests..."}
